[0m17:00:10.033325 [debug] [MainThread]: Sending event: {'category': 'dbt', 'action': 'invocation', 'label': 'start', 'context': [<snowplow_tracker.self_describing_json.SelfDescribingJson object at 0x000001855716F610>, <snowplow_tracker.self_describing_json.SelfDescribingJson object at 0x000001855710D650>, <snowplow_tracker.self_describing_json.SelfDescribingJson object at 0x000001855716CE50>]}


============================== 17:00:10.063072 | 6291e4d3-43f9-4183-bdc3-7714fc00270e ==============================
[0m17:00:10.063072 [info ] [MainThread]: Running with dbt=1.11.10
[0m17:00:10.065826 [debug] [MainThread]: running dbt with arguments {'static_parser': 'True', 'no_print': 'None', 'version_check': 'True', 'warn_error_options': 'WarnErrorOptionsV2(error=[], warn=[], silence=[])', 'target_path': 'None', 'printer_width': '80', 'write_json': 'True', 'empty': 'None', 'log_cache_events': 'False', 'introspect': 'True', 'cache_selected_only': 'False', 'fail_fast': 'False', 'debug': 'False', 'log_format': 'default', 'partial_parse': 'True', 'send_anonymous_usage_stats': 'True', 'quiet': 'False', 'warn_error': 'None', 'profiles_dir': 'C:\\Users\\welli\\.dbt', 'invocation_command': 'dbt init', 'indirect_selection': 'eager', 'use_colors': 'True', 'use_experimental_parser': 'False', 'log_path': 'logs'}
[0m17:00:10.111308 [info ] [MainThread]: Creating dbt configuration folder at C:\Users\welli\.dbt
[0m17:00:33.336669 [debug] [MainThread]: Starter project path: C:\Users\welli\OneDrive\Desktop\ProjetoEcommerce\.venv\Lib\site-packages\dbt\include\starter_project
[0m17:00:33.472913 [info ] [MainThread]: 
Your new dbt project "Ecommerce" was created!

For more information on how to configure the profiles.yml file,
please consult the dbt documentation here:

  https://docs.getdbt.com/docs/configure-your-profile

One more thing:

Need help? Don't hesitate to reach out to us via GitHub issues or on Slack:

  https://community.getdbt.com/

Happy modeling!

[0m17:00:33.482447 [info ] [MainThread]: Setting up your profile.
[0m17:03:58.943132 [info ] [MainThread]: Profile Ecommerce written to C:\Users\welli\.dbt\profiles.yml using target's profile_template.yml and your supplied values. Run 'dbt debug' to validate the connection.
[0m17:03:58.948163 [debug] [MainThread]: Command `dbt init` succeeded at 17:03:58.943132 after 229.07 seconds
[0m17:03:58.948856 [debug] [MainThread]: Sending event: {'category': 'dbt', 'action': 'invocation', 'label': 'end', 'context': [<snowplow_tracker.self_describing_json.SelfDescribingJson object at 0x000001854F29D110>, <snowplow_tracker.self_describing_json.SelfDescribingJson object at 0x0000018555225A90>, <snowplow_tracker.self_describing_json.SelfDescribingJson object at 0x00000185571FB150>]}
[0m17:03:58.948856 [debug] [MainThread]: Flushing usage events
[0m17:03:59.895690 [debug] [MainThread]: An error was encountered while trying to flush usage events
